<?xml version="1.0" encoding="UTF-8"?>
<!-- Generated by org.testng.reporters.JUnitReportReporter -->
<testsuite hostname="DESKTOP-IER6QUF" failures="0" tests="1" name="Com.Test.Test_TC_001" time="16.351" errors="0" timestamp="2022-08-23T22:08:08 IST" skipped="0">
  <testcase classname="Com.Test.Test_TC_001" name="verify_Testlogin_valid_credential" time="16.351"/>
  <system-out/>
</testsuite> <!-- Com.Test.Test_TC_001 -->
