<?xml version="1.0" encoding="UTF-8"?>
<!-- Generated by org.testng.reporters.JUnitReportReporter -->
<testsuite hostname="DESKTOP-IER6QUF" failures="0" tests="1" name="Com.Test.Test_TC_001" time="12.111" errors="0" timestamp="2022-09-21T19:22:56 IST" skipped="0">
  <testcase classname="Com.Test.Test_TC_001" name="verify_Testlogin_valid_credential" time="12.111"/>
  <system-out/>
</testsuite> <!-- Com.Test.Test_TC_001 -->
